TN:
SF:script/DeployRaffle.s.sol
FN:10,DeployRaffle.run
FNDA:11,DeployRaffle.run
DA:11,11
DA:12,11
DA:21,11
DA:23,11
BRDA:23,0,0,11
DA:25,11
DA:26,11
DA:28,11
DA:29,11
DA:33,11
DA:34,11
DA:35,11
DA:37,11
DA:38,11
DA:39,11
FNF:1
FNH:1
LF:14
LH:14
BRF:1
BRH:1
end_of_record
TN:
SF:script/HelpConfig.s.sol
FN:36,HelpConfig.
FNDA:11,HelpConfig.
DA:37,11
BRDA:37,0,0,-
BRDA:37,0,1,-
DA:38,0
DA:39,11
BRDA:39,1,0,11
BRDA:39,1,1,-
DA:40,11
DA:42,0
FN:46,HelpConfig.getOrBuildSepoliaNetworkConfig
FNDA:0,HelpConfig.getOrBuildSepoliaNetworkConfig
DA:48,0
BRDA:48,2,0,-
DA:49,0
DA:52,0
FN:64,HelpConfig.getOrBuildAnvilNetworkConfig
FNDA:11,HelpConfig.getOrBuildAnvilNetworkConfig
DA:66,11
BRDA:66,3,0,-
DA:67,0
DA:71,11
DA:72,11
DA:73,11
DA:74,11
DA:76,11
FNF:3
FNH:2
LF:15
LH:9
BRF:6
BRH:1
end_of_record
TN:
SF:script/Integration.s.sol
FN:12,CreateSubscription.run
FNDA:0,CreateSubscription.run
DA:13,0
FN:16,CreateSubscription.createSubcriptionConfig
FNDA:0,CreateSubscription.createSubcriptionConfig
DA:18,0
DA:19,0
DA:20,0
DA:21,0
FN:24,CreateSubscription.createSubscription
FNDA:11,CreateSubscription.createSubscription
DA:25,11
DA:26,11
DA:27,11
DA:29,11
DA:30,11
DA:31,11
DA:32,11
FN:40,FundSubscription.run
FNDA:0,FundSubscription.run
DA:41,0
FN:44,FundSubscription.fundSubscriptionConfig
FNDA:0,FundSubscription.fundSubscriptionConfig
DA:46,0
DA:47,0
DA:48,0
FN:51,FundSubscription.fundSubscription
FNDA:11,FundSubscription.fundSubscription
DA:52,11
DA:53,11
DA:54,11
DA:55,11
DA:57,11
BRDA:57,0,0,11
BRDA:57,0,1,-
DA:58,11
DA:60,11
DA:61,11
DA:63,0
DA:64,0
DA:65,0
FN:76,AddConsumer.addConsumerConfig
FNDA:0,AddConsumer.addConsumerConfig
DA:77,0
DA:78,0
DA:79,0
FN:82,AddConsumer.addConsumer
FNDA:11,AddConsumer.addConsumer
DA:83,11
DA:84,11
DA:85,11
DA:86,11
DA:87,11
DA:88,11
DA:89,11
FN:92,AddConsumer.run
FNDA:0,AddConsumer.run
DA:93,0
DA:94,0
FNF:9
FNH:3
LF:39
LH:22
BRF:2
BRH:1
end_of_record
TN:
SF:src/Raffle.sol
FN:67,Raffle.
FNDA:11,Raffle.
DA:68,11
DA:69,11
DA:70,11
DA:71,11
DA:72,11
DA:73,11
DA:74,11
FN:77,Raffle.enterRaffle
FNDA:271,Raffle.enterRaffle
DA:78,271
BRDA:78,0,0,1
DA:79,1
DA:81,270
BRDA:81,1,0,1
DA:82,1
DA:85,269
DA:86,269
FN:89,Raffle.checkUpkeep
FNDA:1,Raffle.checkUpkeep
DA:96,1
DA:97,1
FN:100,Raffle.checkCondition
FNDA:2,Raffle.checkCondition
DA:101,7
DA:102,7
DA:103,7
DA:104,7
DA:105,7
FN:111,Raffle.performUpkeep
FNDA:4,Raffle.performUpkeep
DA:112,4
BRDA:112,2,0,-
DA:113,0
DA:115,4
DA:117,4
DA:131,4
FN:134,Raffle.fulfillRandomWords
FNDA:1,Raffle.fulfillRandomWords
DA:138,1
DA:139,1
DA:140,1
DA:141,1
DA:142,1
DA:143,1
DA:144,1
DA:145,1
DA:146,1
DA:147,1
DA:148,1
DA:149,1
BRDA:149,3,0,-
DA:150,0
FN:154,Raffle.getEntranceFee
FNDA:0,Raffle.getEntranceFee
DA:155,0
FN:158,Raffle.getState
FNDA:2,Raffle.getState
DA:159,2
FN:162,Raffle.getPlayerByIndex
FNDA:1,Raffle.getPlayerByIndex
DA:163,1
FN:166,Raffle.getRecentWinner
FNDA:1,Raffle.getRecentWinner
DA:167,1
FN:170,Raffle.getLastTimeStamp
FNDA:3,Raffle.getLastTimeStamp
DA:171,3
FNF:11
FNH:10
LF:43
LH:40
BRF:4
BRH:2
end_of_record
TN:
SF:test/mocks/LinkToken.sol
FN:15,LinkToken.
FNDA:11,LinkToken.
DA:16,11
FN:19,LinkToken.mint
FNDA:0,LinkToken.mint
DA:20,0
FN:31,LinkToken.transferAndCall
FNDA:0,LinkToken.transferAndCall
DA:32,0
DA:34,0
DA:35,0
BRDA:35,0,0,-
DA:36,0
DA:38,0
FN:43,LinkToken.contractFallback
FNDA:0,LinkToken.contractFallback
DA:44,0
DA:45,0
FN:48,LinkToken.isContract
FNDA:0,LinkToken.isContract
DA:49,0
DA:51,0
DA:53,0
FNF:5
FNH:1
LF:12
LH:1
BRF:1
BRH:0
end_of_record
